hmspush/build/outputs/logs/manifest-merger-debug-report.txt
-- Merging decision tree log ---
manifest
ADDED from src\main\AndroidManifest.xml:1:1-88:12
INJECTED from src\main\AndroidManifest.xml:1:1-88:12
INJECTED from src\main\AndroidManifest.xml:1:1-88:12
INJECTED from src\main\AndroidManifest.xml:1:1-88:12
INJECTED from src\main\AndroidManifest.xml:1:1-88:12
INJECTED from src\main\AndroidManifest.xml:1:1-88:12
INJECTED from src\main\AndroidManifest.xml:1:1-88:12
	package
		ADDED from src\main\AndroidManifest.xml:2:5-43
		INJECTED from src\main\AndroidManifest.xml
		INJECTED from src\main\AndroidManifest.xml
	android:versionName
		INJECTED from src\main\AndroidManifest.xml
		ADDED from src\main\AndroidManifest.xml:1:1-88:12
		INJECTED from src\main\AndroidManifest.xml
	android:versionCode
		INJECTED from src\main\AndroidManifest.xml
		ADDED from src\main\AndroidManifest.xml:1:1-88:12
		INJECTED from src\main\AndroidManifest.xml
	xmlns:android
		ADDED from src\main\AndroidManifest.xml:1:11-69
uses-permission#android.permission.INTERNET
ADDED from src\main\AndroidManifest.xml:5:5-67
	android:name
		ADDED from src\main\AndroidManifest.xml:5:22-64
uses-permission#android.permission.WRITE_EXTERNAL_STORAGE
ADDED from src\main\AndroidManifest.xml:7:5-81
	android:name
		ADDED from src\main\AndroidManifest.xml:7:22-78
uses-permission#android.permission.ACCESS_NETWORK_STATE
ADDED from src\main\AndroidManifest.xml:9:5-79
	android:name
		ADDED from src\main\AndroidManifest.xml:9:22-76
uses-permission#android.permission.ACCESS_WIFI_STATE
ADDED from src\main\AndroidManifest.xml:11:5-76
	android:name
		ADDED from src\main\AndroidManifest.xml:11:22-73
uses-permission#android.permission.READ_PHONE_STATE
ADDED from src\main\AndroidManifest.xml:13:5-75
	android:name
		ADDED from src\main\AndroidManifest.xml:13:22-72
application
ADDED from src\main\AndroidManifest.xml:15:5-86:19
meta-data#com.huawei.hms.client.appid
ADDED from src\main\AndroidManifest.xml:17:9-19:46
	android:value
		ADDED from src\main\AndroidManifest.xml:19:13-43
	android:name
		ADDED from src\main\AndroidManifest.xml:18:13-55
provider#com.huawei.hms.update.provider.UpdateProvider
ADDED from src\main\AndroidManifest.xml:21:9-25:50
	android:grantUriPermissions
		ADDED from src\main\AndroidManifest.xml:25:13-47
	android:authorities
		ADDED from src\main\AndroidManifest.xml:23:13-79
	android:exported
		ADDED from src\main\AndroidManifest.xml:24:13-37
	android:name
		ADDED from src\main\AndroidManifest.xml:22:13-73
provider#com.huawei.updatesdk.fileprovider.UpdateSdkFileProvider
ADDED from src\main\AndroidManifest.xml:27:9-31:49
	android:grantUriPermissions
		ADDED from src\main\AndroidManifest.xml:31:13-47
	android:authorities
		ADDED from src\main\AndroidManifest.xml:29:13-82
	android:exported
		ADDED from src\main\AndroidManifest.xml:30:13-37
	android:name
		ADDED from src\main\AndroidManifest.xml:28:13-83
activity#com.huawei.android.hms.agent.common.HMSAgentActivity
ADDED from src\main\AndroidManifest.xml:33:9-43:20
	android:excludeFromRecents
		ADDED from src\main\AndroidManifest.xml:36:13-46
	android:hardwareAccelerated
		ADDED from src\main\AndroidManifest.xml:38:13-47
	android:exported
		ADDED from src\main\AndroidManifest.xml:37:13-37
	android:configChanges
		ADDED from src\main\AndroidManifest.xml:35:13-92
	android:theme
		ADDED from src\main\AndroidManifest.xml:39:13-61
	android:name
		ADDED from src\main\AndroidManifest.xml:34:13-80
meta-data#hwc-theme
ADDED from src\main\AndroidManifest.xml:40:13-42:77
	android:value
		ADDED from src\main\AndroidManifest.xml:42:17-74
	android:name
		ADDED from src\main\AndroidManifest.xml:41:17-41
activity#com.huawei.hms.activity.BridgeActivity
ADDED from src\main\AndroidManifest.xml:45:9-55:20
	android:excludeFromRecents
		ADDED from src\main\AndroidManifest.xml:48:13-46
	android:hardwareAccelerated
		ADDED from src\main\AndroidManifest.xml:50:13-47
	android:exported
		ADDED from src\main\AndroidManifest.xml:49:13-37
	android:configChanges
		ADDED from src\main\AndroidManifest.xml:47:13-92
	android:theme
		ADDED from src\main\AndroidManifest.xml:51:13-61
	android:name
		ADDED from src\main\AndroidManifest.xml:46:13-66
activity#com.huawei.updatesdk.service.otaupdate.AppUpdateActivity
ADDED from src\main\AndroidManifest.xml:57:9-65:20
	android:exported
		ADDED from src\main\AndroidManifest.xml:60:13-37
	android:configChanges
		ADDED from src\main\AndroidManifest.xml:59:13-59
	android:theme
		ADDED from src\main\AndroidManifest.xml:61:13-49
	android:name
		ADDED from src\main\AndroidManifest.xml:58:13-84
activity#com.huawei.updatesdk.support.pm.PackageInstallerActivity
ADDED from src\main\AndroidManifest.xml:67:9-75:20
	android:exported
		ADDED from src\main\AndroidManifest.xml:70:13-37
	android:configChanges
		ADDED from src\main\AndroidManifest.xml:69:13-74
	android:theme
		ADDED from src\main\AndroidManifest.xml:71:13-49
	android:name
		ADDED from src\main\AndroidManifest.xml:68:13-84
receiver#com.huawei.hms.support.api.push.PushEventReceiver
ADDED from src\main\AndroidManifest.xml:77:9-81:20
	android:name
		ADDED from src\main\AndroidManifest.xml:77:19-83
intent-filter#action:name:com.huawei.intent.action.PUSH
ADDED from src\main\AndroidManifest.xml:78:13-80:29
action#com.huawei.intent.action.PUSH
ADDED from src\main\AndroidManifest.xml:79:17-72
	android:name
		ADDED from src\main\AndroidManifest.xml:79:25-69
service#com.huawei.updatesdk.service.deamon.download.DownloadService
ADDED from src\main\AndroidManifest.xml:83:9-85:40
	android:exported
		ADDED from src\main\AndroidManifest.xml:85:13-37
	android:name
		ADDED from src\main\AndroidManifest.xml:84:13-88
uses-sdk
INJECTED from src\main\AndroidManifest.xml reason: use-sdk injection requested
INJECTED from src\main\AndroidManifest.xml
INJECTED from src\main\AndroidManifest.xml
INJECTED from src\main\AndroidManifest.xml
INJECTED from src\main\AndroidManifest.xml
	android:targetSdkVersion
		INJECTED from src\main\AndroidManifest.xml
		ADDED from src\main\AndroidManifest.xml
		INJECTED from src\main\AndroidManifest.xml
	android:minSdkVersion
		INJECTED from src\main\AndroidManifest.xml
		ADDED from src\main\AndroidManifest.xml
		INJECTED from src\main\AndroidManifest.xml